{
  "RSpec": {
    "coverage": {
      "/Users/eze/work/smart_pension/code_challenges/lib/smart_pension.rb": {
        "lines": [
          null,
          null,
          1,
          1,
          1,
          1,
          1,
          1,
          null,
          1,
          null
        ]
      },
      "/Users/eze/work/smart_pension/code_challenges/lib/parseable_entity/base_parseable.rb": {
        "lines": [
          null,
          null,
          1,
          1,
          1,
          null,
          1,
          7,
          7,
          null,
          null,
          1,
          0,
          null,
          null,
          null
        ]
      },
      "/Users/eze/work/smart_pension/code_challenges/lib/parseable_entity/file_parseable.rb": {
        "lines": [
          null,
          null,
          1,
          1,
          1,
          null,
          1,
          7,
          null,
          6,
          6,
          3000,
          null,
          6,
          null,
          null,
          1,
          null,
          1,
          3000,
          3000,
          null,
          null,
          null
        ]
      },
      "/Users/eze/work/smart_pension/code_challenges/lib/presenter/base_presenter.rb": {
        "lines": [
          null,
          null,
          1,
          1,
          1,
          1,
          null,
          1,
          7,
          7,
          null,
          7,
          null,
          null,
          null
        ]
      },
      "/Users/eze/work/smart_pension/code_challenges/lib/presenter/file_presenter.rb": {
        "lines": [
          null,
          null,
          1,
          1,
          1,
          5,
          null,
          2004,
          4,
          null,
          null,
          1,
          null,
          1,
          28,
          4,
          4,
          null,
          null,
          null
        ]
      },
      "/Users/eze/work/smart_pension/code_challenges/lib/services/serverlog_analizer.rb": {
        "lines": [
          null,
          null,
          1,
          1,
          1,
          null,
          1,
          2,
          null,
          2,
          null,
          null,
          1,
          1,
          null,
          null,
          1,
          7,
          null,
          null,
          null
        ]
      },
      "/Users/eze/work/smart_pension/code_challenges/lib/util/serverlog_parsing_rules.rb": {
        "lines": [
          null,
          null,
          1,
          1,
          1,
          1,
          null,
          1,
          3000,
          null,
          null,
          1,
          3002,
          null,
          null,
          0,
          null,
          null,
          null,
          null
        ]
      },
      "/Users/eze/work/smart_pension/code_challenges/spec/presenter/file_presenter_spec.rb": {
        "lines": [
          null,
          null,
          1,
          null,
          1,
          6,
          1,
          1,
          2,
          null,
          1,
          2,
          null,
          null,
          null,
          1,
          2,
          2,
          null,
          null,
          null,
          1,
          1,
          3,
          null,
          1,
          1,
          2,
          null,
          null,
          null,
          1,
          1,
          1,
          1,
          null,
          1,
          1,
          null,
          null,
          1,
          1,
          1,
          null,
          1,
          1,
          null,
          null,
          null,
          null,
          null
        ]
      },
      "/Users/eze/work/smart_pension/code_challenges/spec/services/serverlog_analizer_spec.rb": {
        "lines": [
          null,
          null,
          1,
          null,
          1,
          3,
          1,
          1,
          1,
          null,
          1,
          1,
          null,
          null,
          null,
          1,
          1,
          1,
          null,
          1,
          1,
          null,
          null,
          null
        ]
      },
      "/Users/eze/work/smart_pension/code_challenges/spec/util/serverlog_parsing_rules_spec.rb": {
        "lines": [
          null,
          null,
          1,
          null,
          1,
          1,
          3,
          1,
          2,
          null,
          2,
          null,
          null,
          1,
          2,
          null,
          2,
          null,
          null,
          null
        ]
      }
    },
    "timestamp": 1645408565
  }
}
